build/app/intermediates/manifest_merge_blame_file/release/manifest-merger-blame-release-report.txt
1<?xml version="1.0" encoding="utf-8"?>
2<manifest xmlns:android="http://schemas.android.com/apk/res/android"
3    package="com.mevivu.new"
4    android:versionCode="25"
5    android:versionName="16.0.0" >
6
7    <uses-sdk
8        android:minSdkVersion="21"
8-->src/main/AndroidManifest.xml
9        android:targetSdkVersion="30" />
9-->src/main/AndroidManifest.xml
10
11    <uses-permission android:name="android.permission.INTERNET" />
11-->src/main/AndroidManifest.xml:4:5-67
11-->src/main/AndroidManifest.xml:4:22-64
12    <uses-permission android:name="android.permission.ACCESS_NETWORK_STATE" />
12-->src/main/AndroidManifest.xml:5:5-79
12-->src/main/AndroidManifest.xml:5:22-76
13    <uses-permission android:name="android.permission.READ_EXTERNAL_STORAGE" />
13-->[:image_picker] AndroidManifest.xml:7:5-80
13-->[:image_picker] AndroidManifest.xml:7:22-77
14    <uses-permission android:name="android.permission.WRITE_EXTERNAL_STORAGE" /> <!-- Create a unique permission for your app and use it so only your app can receive your OneSignal messages. -->
14-->[:image_picker] AndroidManifest.xml:8:5-81
14-->[:image_picker] AndroidManifest.xml:8:22-78
15    <permission
15-->[com.onesignal:OneSignal:4.4.0] AndroidManifest.xml:7:5-9:47
16        android:name="com.mevivu.new.permission.C2D_MESSAGE"
16-->[com.onesignal:OneSignal:4.4.0] AndroidManifest.xml:8:9-63
17        android:protectionLevel="signature" />
17-->[com.onesignal:OneSignal:4.4.0] AndroidManifest.xml:9:9-44
18
19    <uses-permission android:name="com.mevivu.new.permission.C2D_MESSAGE" /> <!-- c2dm RECEIVE are basic requirements for push messages through Google's FCM -->
19-->[com.onesignal:OneSignal:4.4.0] AndroidManifest.xml:11:5-79
19-->[com.onesignal:OneSignal:4.4.0] AndroidManifest.xml:11:22-76
20    <uses-permission android:name="com.google.android.c2dm.permission.RECEIVE" /> <!-- Required, makes sure notifications are delivered on time. -->
20-->[com.onesignal:OneSignal:4.4.0] AndroidManifest.xml:17:5-82
20-->[com.onesignal:OneSignal:4.4.0] AndroidManifest.xml:17:22-79
21    <uses-permission android:name="android.permission.WAKE_LOCK" />
21-->[com.onesignal:OneSignal:4.4.0] AndroidManifest.xml:18:5-68
21-->[com.onesignal:OneSignal:4.4.0] AndroidManifest.xml:18:22-65
22    <!--
23 Required so the device vibrates on receiving a push notification.
24         Vibration settings of the device still apply.
25    -->
26    <uses-permission android:name="android.permission.VIBRATE" />
26-->[com.onesignal:OneSignal:4.4.0] AndroidManifest.xml:23:5-66
26-->[com.onesignal:OneSignal:4.4.0] AndroidManifest.xml:23:22-63
27    <!--
28 Use to restore notifications the user hasn't interacted with.
29         They could be missed notifications if the user reboots their device if this isn't in place.
30    -->
31    <uses-permission android:name="android.permission.RECEIVE_BOOT_COMPLETED" /> <!-- START: ShortcutBadger -->
31-->[com.onesignal:OneSignal:4.4.0] AndroidManifest.xml:29:5-81
31-->[com.onesignal:OneSignal:4.4.0] AndroidManifest.xml:29:22-78
32    <!-- Samsung -->
33    <uses-permission android:name="com.sec.android.provider.badge.permission.READ" />
33-->[com.onesignal:OneSignal:4.4.0] AndroidManifest.xml:31:5-86
33-->[com.onesignal:OneSignal:4.4.0] AndroidManifest.xml:31:22-83
34    <uses-permission android:name="com.sec.android.provider.badge.permission.WRITE" /> <!-- HTC -->
34-->[com.onesignal:OneSignal:4.4.0] AndroidManifest.xml:32:5-87
34-->[com.onesignal:OneSignal:4.4.0] AndroidManifest.xml:32:22-84
35    <uses-permission android:name="com.htc.launcher.permission.READ_SETTINGS" />
35-->[com.onesignal:OneSignal:4.4.0] AndroidManifest.xml:33:5-81
35-->[com.onesignal:OneSignal:4.4.0] AndroidManifest.xml:33:22-78
36    <uses-permission android:name="com.htc.launcher.permission.UPDATE_SHORTCUT" /> <!-- Sony -->
36-->[com.onesignal:OneSignal:4.4.0] AndroidManifest.xml:34:5-83
36-->[com.onesignal:OneSignal:4.4.0] AndroidManifest.xml:34:22-80
37    <uses-permission android:name="com.sonyericsson.home.permission.BROADCAST_BADGE" />
37-->[com.onesignal:OneSignal:4.4.0] AndroidManifest.xml:35:5-88
37-->[com.onesignal:OneSignal:4.4.0] AndroidManifest.xml:35:22-85
38    <uses-permission android:name="com.sonymobile.home.permission.PROVIDER_INSERT_BADGE" /> <!-- Apex -->
38-->[com.onesignal:OneSignal:4.4.0] AndroidManifest.xml:36:5-92
38-->[com.onesignal:OneSignal:4.4.0] AndroidManifest.xml:36:22-89
39    <uses-permission android:name="com.anddoes.launcher.permission.UPDATE_COUNT" /> <!-- Solid -->
39-->[com.onesignal:OneSignal:4.4.0] AndroidManifest.xml:37:5-84
39-->[com.onesignal:OneSignal:4.4.0] AndroidManifest.xml:37:22-81
40    <uses-permission android:name="com.majeur.launcher.permission.UPDATE_BADGE" /> <!-- Huawei -->
40-->[com.onesignal:OneSignal:4.4.0] AndroidManifest.xml:38:5-83
40-->[com.onesignal:OneSignal:4.4.0] AndroidManifest.xml:38:22-80
41    <uses-permission android:name="com.huawei.android.launcher.permission.CHANGE_BADGE" />
41-->[com.onesignal:OneSignal:4.4.0] AndroidManifest.xml:39:5-91
41-->[com.onesignal:OneSignal:4.4.0] AndroidManifest.xml:39:22-88
42    <uses-permission android:name="com.huawei.android.launcher.permission.READ_SETTINGS" />
42-->[com.onesignal:OneSignal:4.4.0] AndroidManifest.xml:40:5-92
42-->[com.onesignal:OneSignal:4.4.0] AndroidManifest.xml:40:22-89
43    <uses-permission android:name="com.huawei.android.launcher.permission.WRITE_SETTINGS" /> <!-- ZUK -->
43-->[com.onesignal:OneSignal:4.4.0] AndroidManifest.xml:41:5-93
43-->[com.onesignal:OneSignal:4.4.0] AndroidManifest.xml:41:22-90
44    <uses-permission android:name="android.permission.READ_APP_BADGE" /> <!-- OPPO -->
44-->[com.onesignal:OneSignal:4.4.0] AndroidManifest.xml:42:5-73
44-->[com.onesignal:OneSignal:4.4.0] AndroidManifest.xml:42:22-70
45    <uses-permission android:name="com.oppo.launcher.permission.READ_SETTINGS" />
45-->[com.onesignal:OneSignal:4.4.0] AndroidManifest.xml:43:5-82
45-->[com.onesignal:OneSignal:4.4.0] AndroidManifest.xml:43:22-79
46    <uses-permission android:name="com.oppo.launcher.permission.WRITE_SETTINGS" /> <!-- EvMe -->
46-->[com.onesignal:OneSignal:4.4.0] AndroidManifest.xml:44:5-83
46-->[com.onesignal:OneSignal:4.4.0] AndroidManifest.xml:44:22-80
47    <uses-permission android:name="me.everything.badger.permission.BADGE_COUNT_READ" />
47-->[com.onesignal:OneSignal:4.4.0] AndroidManifest.xml:45:5-88
47-->[com.onesignal:OneSignal:4.4.0] AndroidManifest.xml:45:22-85
48    <uses-permission android:name="me.everything.badger.permission.BADGE_COUNT_WRITE" /> <!-- Android package visibility setting -->
48-->[com.onesignal:OneSignal:4.4.0] AndroidManifest.xml:46:5-89
48-->[com.onesignal:OneSignal:4.4.0] AndroidManifest.xml:46:22-86
49    <queries>
49-->[com.google.android.gms:play-services-ads-lite:19.7.0] AndroidManifest.xml:27:5-43:15
50
51        <!-- For browser content -->
52        <intent>
52-->[com.google.android.gms:play-services-ads-lite:19.7.0] AndroidManifest.xml:30:9-36:18
53            <action android:name="android.intent.action.VIEW" />
53-->[com.onesignal:OneSignal:4.4.0] AndroidManifest.xml:74:17-69
53-->[com.onesignal:OneSignal:4.4.0] AndroidManifest.xml:74:25-66
54
55            <category android:name="android.intent.category.BROWSABLE" />
55-->[com.google.android.gms:play-services-ads-lite:19.7.0] AndroidManifest.xml:33:13-74
55-->[com.google.android.gms:play-services-ads-lite:19.7.0] AndroidManifest.xml:33:23-71
56
57            <data android:scheme="https" />
57-->[com.google.android.gms:play-services-ads-lite:19.7.0] AndroidManifest.xml:35:13-44
57-->[com.google.android.gms:play-services-ads-lite:19.7.0] AndroidManifest.xml:35:19-41
58        </intent>
59        <!-- End of browser content -->
60        <!-- For CustomTabsService -->
61        <intent>
61-->[com.google.android.gms:play-services-ads-lite:19.7.0] AndroidManifest.xml:30:9-36:18
62            <action android:name="android.support.customtabs.action.CustomTabsService" />
63        </intent>
64        <!-- End of CustomTabsService -->
65    </queries>
66
67    <uses-permission android:name="com.google.android.finsky.permission.BIND_GET_INSTALL_REFERRER_SERVICE" />
67-->[com.google.android.gms:play-services-measurement:19.0.0] AndroidManifest.xml:26:5-110
67-->[com.google.android.gms:play-services-measurement:19.0.0] AndroidManifest.xml:26:22-107
68
69    <application
69-->src/main/AndroidManifest.xml:7:5-45:19
70        android:name="io.flutter.app.FlutterApplication"
70-->src/main/AndroidManifest.xml:8:9-57
71        android:appComponentFactory="androidx.core.app.CoreComponentFactory"
71-->[androidx.core:core:1.7.0-alpha01] AndroidManifest.xml:24:18-86
72        android:icon="@mipmap/ic_launcher"
72-->src/main/AndroidManifest.xml:11:9-43
73        android:label="Demo App News"
73-->src/main/AndroidManifest.xml:9:9-38
74        android:usesCleartextTraffic="true" >
74-->src/main/AndroidManifest.xml:10:9-44
75        <meta-data
75-->src/main/AndroidManifest.xml:12:9-14:69
76            android:name="com.google.android.gms.ads.APPLICATION_ID"
76-->src/main/AndroidManifest.xml:13:13-69
77            android:value="ca-app-pub-3940256099942544~3347511713" />
77-->src/main/AndroidManifest.xml:14:13-67
78
79        <activity
79-->src/main/AndroidManifest.xml:15:9-39:20
80            android:name="com.iqonic.news_flutter.MainActivity"
80-->src/main/AndroidManifest.xml:16:13-41
81            android:configChanges="orientation|keyboardHidden|keyboard|screenSize|smallestScreenSize|locale|layoutDirection|fontScale|screenLayout|density|uiMode"
81-->src/main/AndroidManifest.xml:19:13-163
82            android:hardwareAccelerated="true"
82-->src/main/AndroidManifest.xml:20:13-47
83            android:launchMode="singleTop"
83-->src/main/AndroidManifest.xml:17:13-43
84            android:theme="@style/LaunchTheme"
84-->src/main/AndroidManifest.xml:18:13-47
85            android:windowSoftInputMode="adjustResize" >
85-->src/main/AndroidManifest.xml:21:13-55
86            <meta-data
86-->src/main/AndroidManifest.xml:22:13-25:17
87                android:name="io.flutter.embedding.android.NormalTheme"
87-->src/main/AndroidManifest.xml:23:15-70
88                android:resource="@style/NormalTheme" />
88-->src/main/AndroidManifest.xml:24:15-52
89            <!--
90                 Displays an Android View that continues showing the launch screen
91                 Drawable until Flutter paints its first frame, then this splash
92                 screen fades out. A splash screen is useful to avoid any visual
93                 gap between the end of Android's launch screen and the painting of
94                 Flutter's first frame.
95            -->
96            <meta-data
96-->src/main/AndroidManifest.xml:31:13-34:17
97                android:name="io.flutter.embedding.android.SplashScreenDrawable"
97-->src/main/AndroidManifest.xml:32:15-79
98                android:resource="@drawable/launch_background" />
98-->src/main/AndroidManifest.xml:33:15-61
99
100            <intent-filter>
100-->src/main/AndroidManifest.xml:35:13-38:29
101                <action android:name="android.intent.action.MAIN" />
101-->src/main/AndroidManifest.xml:36:17-68
101-->src/main/AndroidManifest.xml:36:25-66
102
103                <category android:name="android.intent.category.LAUNCHER" />
103-->src/main/AndroidManifest.xml:37:17-76
103-->src/main/AndroidManifest.xml:37:27-74
104            </intent-filter>
105        </activity>
106        <!--
107             Don't delete the meta-data below.
108             This is used by the Flutter tool to generate GeneratedPluginRegistrant.java
109        -->
110        <meta-data
110-->src/main/AndroidManifest.xml:42:9-44:33
111            android:name="flutterEmbedding"
111-->src/main/AndroidManifest.xml:43:13-44
112            android:value="2" />
112-->src/main/AndroidManifest.xml:44:13-30
113
114        <service
114-->[:firebase_auth] AndroidManifest.xml:8:9-12:19
115            android:name="com.google.firebase.components.ComponentDiscoveryService"
115-->[:firebase_auth] AndroidManifest.xml:8:18-89
116            android:directBootAware="true"
116-->[com.google.firebase:firebase-common:20.0.0] AndroidManifest.xml:35:13-43
117            android:exported="false" >
117-->[com.google.firebase:firebase-messaging:22.0.0] AndroidManifest.xml:51:13-37
118            <meta-data
118-->[:firebase_auth] AndroidManifest.xml:9:13-11:85
119                android:name="com.google.firebase.components:io.flutter.plugins.firebase.auth.FlutterFirebaseAuthRegistrar"
119-->[:firebase_auth] AndroidManifest.xml:10:17-124
120                android:value="com.google.firebase.components.ComponentRegistrar" />
120-->[:firebase_auth] AndroidManifest.xml:11:17-82
121            <meta-data
121-->[:firebase_core] AndroidManifest.xml:9:13-11:85
122                android:name="com.google.firebase.components:io.flutter.plugins.firebase.core.FlutterFirebaseCoreRegistrar"
122-->[:firebase_core] AndroidManifest.xml:10:17-124
123                android:value="com.google.firebase.components.ComponentRegistrar" />
123-->[:firebase_core] AndroidManifest.xml:11:17-82
124            <meta-data
124-->[com.google.firebase:firebase-messaging:22.0.0] AndroidManifest.xml:52:13-54:85
125                android:name="com.google.firebase.components:com.google.firebase.messaging.FirebaseMessagingRegistrar"
125-->[com.google.firebase:firebase-messaging:22.0.0] AndroidManifest.xml:53:17-119
126                android:value="com.google.firebase.components.ComponentRegistrar" />
126-->[com.google.firebase:firebase-messaging:22.0.0] AndroidManifest.xml:54:17-82
127            <meta-data
127-->[com.google.firebase:firebase-crashlytics:18.0.0] AndroidManifest.xml:18:13-20:85
128                android:name="com.google.firebase.components:com.google.firebase.crashlytics.CrashlyticsRegistrar"
128-->[com.google.firebase:firebase-crashlytics:18.0.0] AndroidManifest.xml:19:17-115
129                android:value="com.google.firebase.components.ComponentRegistrar" />
129-->[com.google.firebase:firebase-crashlytics:18.0.0] AndroidManifest.xml:20:17-82
130            <meta-data
130-->[com.google.android.gms:play-services-measurement-api:19.0.0] AndroidManifest.xml:30:13-32:85
131                android:name="com.google.firebase.components:com.google.firebase.analytics.connector.internal.AnalyticsConnectorRegistrar"
131-->[com.google.android.gms:play-services-measurement-api:19.0.0] AndroidManifest.xml:31:17-139
132                android:value="com.google.firebase.components.ComponentRegistrar" />
132-->[com.google.android.gms:play-services-measurement-api:19.0.0] AndroidManifest.xml:32:17-82
133            <meta-data
133-->[com.google.firebase:firebase-datatransport:18.0.0] AndroidManifest.xml:28:13-30:85
134                android:name="com.google.firebase.components:com.google.firebase.datatransport.TransportRegistrar"
134-->[com.google.firebase:firebase-datatransport:18.0.0] AndroidManifest.xml:29:17-115
135                android:value="com.google.firebase.components.ComponentRegistrar" />
135-->[com.google.firebase:firebase-datatransport:18.0.0] AndroidManifest.xml:30:17-82
136            <meta-data
136-->[com.google.firebase:firebase-installations:17.0.0] AndroidManifest.xml:18:13-20:85
137                android:name="com.google.firebase.components:com.google.firebase.installations.FirebaseInstallationsRegistrar"
137-->[com.google.firebase:firebase-installations:17.0.0] AndroidManifest.xml:19:17-127
138                android:value="com.google.firebase.components.ComponentRegistrar" />
138-->[com.google.firebase:firebase-installations:17.0.0] AndroidManifest.xml:20:17-82
139            <meta-data
139-->[com.google.firebase:firebase-auth:21.0.1] AndroidManifest.xml:77:13-79:85
140                android:name="com.google.firebase.components:com.google.firebase.auth.FirebaseAuthRegistrar"
140-->[com.google.firebase:firebase-auth:21.0.1] AndroidManifest.xml:78:17-109
141                android:value="com.google.firebase.components.ComponentRegistrar" />
141-->[com.google.firebase:firebase-auth:21.0.1] AndroidManifest.xml:79:17-82
142        </service>
143
144        <provider
144-->[:image_picker] AndroidManifest.xml:11:9-19:20
145            android:name="io.flutter.plugins.imagepicker.ImagePickerFileProvider"
145-->[:image_picker] AndroidManifest.xml:12:13-82
146            android:authorities="com.mevivu.new.flutter.image_provider"
146-->[:image_picker] AndroidManifest.xml:13:13-74
147            android:exported="false"
147-->[:image_picker] AndroidManifest.xml:14:13-37
148            android:grantUriPermissions="true" >
148-->[:image_picker] AndroidManifest.xml:15:13-47
149            <meta-data
149-->[:image_picker] AndroidManifest.xml:16:13-18:75
150                android:name="android.support.FILE_PROVIDER_PATHS"
150-->[:image_picker] AndroidManifest.xml:17:17-67
151                android:resource="@xml/flutter_image_picker_file_paths" />
151-->[:image_picker] AndroidManifest.xml:18:17-72
152        </provider>
153
154        <meta-data
154-->[:google_mobile_ads] AndroidManifest.xml:10:9-12:36
155            android:name="io.flutter.embedded_views_preview"
155-->[:google_mobile_ads] AndroidManifest.xml:11:13-61
156            android:value="true" />
156-->[:google_mobile_ads] AndroidManifest.xml:12:13-33
157
158        <activity
158-->[:url_launcher] AndroidManifest.xml:8:9-11:74
159            android:name="io.flutter.plugins.urllauncher.WebViewActivity"
159-->[:url_launcher] AndroidManifest.xml:9:13-74
160            android:exported="false"
160-->[:url_launcher] AndroidManifest.xml:10:13-37
161            android:theme="@android:style/Theme.NoTitleBar.Fullscreen" />
161-->[:url_launcher] AndroidManifest.xml:11:13-71
162
163        <provider
163-->[:share] AndroidManifest.xml:8:9-16:20
164            android:name="io.flutter.plugins.share.ShareFileProvider"
164-->[:share] AndroidManifest.xml:9:13-70
165            android:authorities="com.mevivu.new.flutter.share_provider"
165-->[:share] AndroidManifest.xml:10:13-74
166            android:exported="false"
166-->[:share] AndroidManifest.xml:11:13-37
167            android:grantUriPermissions="true" >
167-->[:share] AndroidManifest.xml:12:13-47
168            <meta-data
168-->[:image_picker] AndroidManifest.xml:16:13-18:75
169                android:name="android.support.FILE_PROVIDER_PATHS"
169-->[:image_picker] AndroidManifest.xml:17:17-67
170                android:resource="@xml/flutter_share_file_paths" />
170-->[:image_picker] AndroidManifest.xml:18:17-72
171        </provider>
172
173        <receiver
173-->[com.onesignal:OneSignal:4.4.0] AndroidManifest.xml:49:9-59:20
174            android:name="com.onesignal.FCMBroadcastReceiver"
174-->[com.onesignal:OneSignal:4.4.0] AndroidManifest.xml:50:13-62
175            android:permission="com.google.android.c2dm.permission.SEND" >
175-->[com.onesignal:OneSignal:4.4.0] AndroidManifest.xml:51:13-73
176
177            <!-- High priority so OneSignal payloads can be filtered from other FCM receivers -->
178            <intent-filter android:priority="999" >
178-->[com.onesignal:OneSignal:4.4.0] AndroidManifest.xml:54:13-58:29
178-->[com.onesignal:OneSignal:4.4.0] AndroidManifest.xml:54:28-50
179                <action android:name="com.google.android.c2dm.intent.RECEIVE" />
179-->[com.onesignal:OneSignal:4.4.0] AndroidManifest.xml:55:17-81
179-->[com.onesignal:OneSignal:4.4.0] AndroidManifest.xml:55:25-78
180
181                <category android:name="com.mevivu.new" />
181-->[com.onesignal:OneSignal:4.4.0] AndroidManifest.xml:57:17-61
181-->[com.onesignal:OneSignal:4.4.0] AndroidManifest.xml:57:27-58
182            </intent-filter>
183        </receiver>
184
185        <service
185-->[com.onesignal:OneSignal:4.4.0] AndroidManifest.xml:61:9-67:19
186            android:name="com.onesignal.HmsMessageServiceOneSignal"
186-->[com.onesignal:OneSignal:4.4.0] AndroidManifest.xml:62:13-68
187            android:exported="false" >
187-->[com.onesignal:OneSignal:4.4.0] AndroidManifest.xml:63:13-37
188            <intent-filter>
188-->[com.onesignal:OneSignal:4.4.0] AndroidManifest.xml:64:13-66:29
189                <action android:name="com.huawei.push.action.MESSAGING_EVENT" />
189-->[com.onesignal:OneSignal:4.4.0] AndroidManifest.xml:65:17-81
189-->[com.onesignal:OneSignal:4.4.0] AndroidManifest.xml:65:25-78
190            </intent-filter>
191        </service>
192
193        <activity
193-->[com.onesignal:OneSignal:4.4.0] AndroidManifest.xml:69:9-76:20
194            android:name="com.onesignal.NotificationOpenedActivityHMS"
194-->[com.onesignal:OneSignal:4.4.0] AndroidManifest.xml:70:13-71
195            android:noHistory="true"
195-->[com.onesignal:OneSignal:4.4.0] AndroidManifest.xml:71:13-37
196            android:theme="@android:style/Theme.Translucent.NoTitleBar" >
196-->[com.onesignal:OneSignal:4.4.0] AndroidManifest.xml:72:13-72
197            <intent-filter>
197-->[com.onesignal:OneSignal:4.4.0] AndroidManifest.xml:73:13-75:29
198                <action android:name="android.intent.action.VIEW" />
198-->[com.onesignal:OneSignal:4.4.0] AndroidManifest.xml:74:17-69
198-->[com.onesignal:OneSignal:4.4.0] AndroidManifest.xml:74:25-66
199            </intent-filter>
200        </activity>
201
202        <service android:name="com.onesignal.FCMIntentService" />
202-->[com.onesignal:OneSignal:4.4.0] AndroidManifest.xml:78:9-66
202-->[com.onesignal:OneSignal:4.4.0] AndroidManifest.xml:78:18-63
203        <service
203-->[com.onesignal:OneSignal:4.4.0] AndroidManifest.xml:79:9-81:72
204            android:name="com.onesignal.FCMIntentJobService"
204-->[com.onesignal:OneSignal:4.4.0] AndroidManifest.xml:80:13-61
205            android:permission="android.permission.BIND_JOB_SERVICE" />
205-->[com.onesignal:OneSignal:4.4.0] AndroidManifest.xml:81:13-69
206        <service
206-->[com.onesignal:OneSignal:4.4.0] AndroidManifest.xml:82:9-84:43
207            android:name="com.onesignal.FocusDelaySyncService"
207-->[com.onesignal:OneSignal:4.4.0] AndroidManifest.xml:83:13-63
208            android:stopWithTask="true" />
208-->[com.onesignal:OneSignal:4.4.0] AndroidManifest.xml:84:13-40
209        <service
209-->[com.onesignal:OneSignal:4.4.0] AndroidManifest.xml:85:9-87:72
210            android:name="com.onesignal.FocusDelaySyncJobService"
210-->[com.onesignal:OneSignal:4.4.0] AndroidManifest.xml:86:13-66
211            android:permission="android.permission.BIND_JOB_SERVICE" />
211-->[com.onesignal:OneSignal:4.4.0] AndroidManifest.xml:87:13-69
212        <service
212-->[com.onesignal:OneSignal:4.4.0] AndroidManifest.xml:88:9-90:43
213            android:name="com.onesignal.SyncService"
213-->[com.onesignal:OneSignal:4.4.0] AndroidManifest.xml:89:13-53
214            android:stopWithTask="true" />
214-->[com.onesignal:OneSignal:4.4.0] AndroidManifest.xml:90:13-40
215        <service
215-->[com.onesignal:OneSignal:4.4.0] AndroidManifest.xml:91:9-93:72
216            android:name="com.onesignal.SyncJobService"
216-->[com.onesignal:OneSignal:4.4.0] AndroidManifest.xml:92:13-56
217            android:permission="android.permission.BIND_JOB_SERVICE" />
217-->[com.onesignal:OneSignal:4.4.0] AndroidManifest.xml:93:13-69
218
219        <activity
219-->[com.onesignal:OneSignal:4.4.0] AndroidManifest.xml:95:9-97:75
220            android:name="com.onesignal.PermissionsActivity"
220-->[com.onesignal:OneSignal:4.4.0] AndroidManifest.xml:96:13-61
221            android:theme="@android:style/Theme.Translucent.NoTitleBar" />
221-->[com.onesignal:OneSignal:4.4.0] AndroidManifest.xml:97:13-72
222
223        <receiver android:name="com.onesignal.NotificationDismissReceiver" />
223-->[com.onesignal:OneSignal:4.4.0] AndroidManifest.xml:99:9-78
223-->[com.onesignal:OneSignal:4.4.0] AndroidManifest.xml:99:19-75
224        <receiver android:name="com.onesignal.BootUpReceiver" >
224-->[com.onesignal:OneSignal:4.4.0] AndroidManifest.xml:100:9-105:20
224-->[com.onesignal:OneSignal:4.4.0] AndroidManifest.xml:100:19-62
225            <intent-filter>
225-->[com.onesignal:OneSignal:4.4.0] AndroidManifest.xml:101:13-104:29
226                <action android:name="android.intent.action.BOOT_COMPLETED" />
226-->[com.onesignal:OneSignal:4.4.0] AndroidManifest.xml:102:17-79
226-->[com.onesignal:OneSignal:4.4.0] AndroidManifest.xml:102:25-76
227                <action android:name="android.intent.action.QUICKBOOT_POWERON" />
227-->[com.onesignal:OneSignal:4.4.0] AndroidManifest.xml:103:17-82
227-->[com.onesignal:OneSignal:4.4.0] AndroidManifest.xml:103:25-79
228            </intent-filter>
229        </receiver>
230        <receiver android:name="com.onesignal.UpgradeReceiver" >
230-->[com.onesignal:OneSignal:4.4.0] AndroidManifest.xml:106:9-110:20
230-->[com.onesignal:OneSignal:4.4.0] AndroidManifest.xml:106:19-63
231            <intent-filter>
231-->[com.onesignal:OneSignal:4.4.0] AndroidManifest.xml:107:13-109:29
232                <action android:name="android.intent.action.MY_PACKAGE_REPLACED" />
232-->[com.onesignal:OneSignal:4.4.0] AndroidManifest.xml:108:17-84
232-->[com.onesignal:OneSignal:4.4.0] AndroidManifest.xml:108:25-81
233            </intent-filter>
234        </receiver>
235
236        <activity
236-->[com.onesignal:OneSignal:4.4.0] AndroidManifest.xml:112:9-115:75
237            android:name="com.onesignal.NotificationOpenedReceiver"
237-->[com.onesignal:OneSignal:4.4.0] AndroidManifest.xml:113:13-68
238            android:noHistory="true"
238-->[com.onesignal:OneSignal:4.4.0] AndroidManifest.xml:114:13-37
239            android:theme="@android:style/Theme.Translucent.NoTitleBar" />
239-->[com.onesignal:OneSignal:4.4.0] AndroidManifest.xml:115:13-72
240
241        <receiver
241-->[com.google.firebase:firebase-messaging:22.0.0] AndroidManifest.xml:28:9-35:20
242            android:name="com.google.firebase.iid.FirebaseInstanceIdReceiver"
242-->[com.google.firebase:firebase-messaging:22.0.0] AndroidManifest.xml:29:13-78
243            android:exported="true"
243-->[com.google.firebase:firebase-messaging:22.0.0] AndroidManifest.xml:30:13-36
244            android:permission="com.google.android.c2dm.permission.SEND" >
244-->[com.google.firebase:firebase-messaging:22.0.0] AndroidManifest.xml:31:13-73
245            <intent-filter>
245-->[com.google.firebase:firebase-messaging:22.0.0] AndroidManifest.xml:32:13-34:29
246                <action android:name="com.google.android.c2dm.intent.RECEIVE" />
246-->[com.onesignal:OneSignal:4.4.0] AndroidManifest.xml:55:17-81
246-->[com.onesignal:OneSignal:4.4.0] AndroidManifest.xml:55:25-78
247            </intent-filter>
248        </receiver>
249        <!--
250             FirebaseMessagingService performs security checks at runtime,
251             but set to not exported to explicitly avoid allowing another app to call it.
252        -->
253        <service
253-->[com.google.firebase:firebase-messaging:22.0.0] AndroidManifest.xml:41:9-48:19
254            android:name="com.google.firebase.messaging.FirebaseMessagingService"
254-->[com.google.firebase:firebase-messaging:22.0.0] AndroidManifest.xml:42:13-82
255            android:directBootAware="true"
255-->[com.google.firebase:firebase-messaging:22.0.0] AndroidManifest.xml:43:13-43
256            android:exported="false" >
256-->[com.google.firebase:firebase-messaging:22.0.0] AndroidManifest.xml:44:13-37
257            <intent-filter android:priority="-500" >
257-->[com.google.firebase:firebase-messaging:22.0.0] AndroidManifest.xml:45:13-47:29
257-->[com.google.firebase:firebase-messaging:22.0.0] AndroidManifest.xml:45:28-51
258                <action android:name="com.google.firebase.MESSAGING_EVENT" />
258-->[com.google.firebase:firebase-messaging:22.0.0] AndroidManifest.xml:46:17-78
258-->[com.google.firebase:firebase-messaging:22.0.0] AndroidManifest.xml:46:25-75
259            </intent-filter>
260        </service> <!-- Include the AdActivity and InAppPurchaseActivity configChanges and themes. -->
261        <activity
261-->[com.google.android.gms:play-services-ads-lite:19.7.0] AndroidManifest.xml:48:9-52:64
262            android:name="com.google.android.gms.ads.AdActivity"
262-->[com.google.android.gms:play-services-ads-lite:19.7.0] AndroidManifest.xml:49:13-65
263            android:configChanges="keyboard|keyboardHidden|orientation|screenLayout|uiMode|screenSize|smallestScreenSize"
263-->[com.google.android.gms:play-services-ads-lite:19.7.0] AndroidManifest.xml:50:13-122
264            android:exported="false"
264-->[com.google.android.gms:play-services-ads-lite:19.7.0] AndroidManifest.xml:51:13-37
265            android:theme="@android:style/Theme.Translucent" />
265-->[com.google.android.gms:play-services-ads-lite:19.7.0] AndroidManifest.xml:52:13-61
266
267        <provider
267-->[com.google.android.gms:play-services-ads-lite:19.7.0] AndroidManifest.xml:54:9-58:39
268            android:name="com.google.android.gms.ads.MobileAdsInitProvider"
268-->[com.google.android.gms:play-services-ads-lite:19.7.0] AndroidManifest.xml:55:13-76
269            android:authorities="com.mevivu.new.mobileadsinitprovider"
269-->[com.google.android.gms:play-services-ads-lite:19.7.0] AndroidManifest.xml:56:13-73
270            android:exported="false"
270-->[com.google.android.gms:play-services-ads-lite:19.7.0] AndroidManifest.xml:57:13-37
271            android:initOrder="100" />
271-->[com.google.android.gms:play-services-ads-lite:19.7.0] AndroidManifest.xml:58:13-36
272
273        <service
273-->[com.google.android.gms:play-services-ads-lite:19.7.0] AndroidManifest.xml:60:9-63:40
274            android:name="com.google.android.gms.ads.AdService"
274-->[com.google.android.gms:play-services-ads-lite:19.7.0] AndroidManifest.xml:61:13-64
275            android:enabled="true"
275-->[com.google.android.gms:play-services-ads-lite:19.7.0] AndroidManifest.xml:62:13-35
276            android:exported="false" />